{
  "stats": {
    "suites": 1,
    "tests": 1,
    "passes": 0,
    "pending": 0,
    "failures": 1,
    "start": "2022-04-12T09:05:58.193Z",
    "end": "2022-04-12T09:06:02.806Z",
    "duration": 4613,
    "testsRegistered": 1,
    "passPercent": 0,
    "pendingPercent": 0,
    "other": 0,
    "hasOther": false,
    "skipped": 0,
    "hasSkipped": false
  },
  "results": [
    {
      "uuid": "c21edc3b-8b38-46f6-9155-23729000adab",
      "title": "",
      "fullFile": "cypress/integration/test_backMarket2.spec.js",
      "file": "cypress/integration/test_backMarket2.spec.js",
      "beforeHooks": [],
      "afterHooks": [],
      "tests": [],
      "suites": [
        {
          "uuid": "48eaa61f-4320-4a44-b4b6-0d350169451c",
          "title": "Tests backmarket",
          "fullFile": "",
          "file": "",
          "beforeHooks": [],
          "afterHooks": [],
          "tests": [
            {
              "title": "formulaire connexion valide",
              "fullTitle": "Tests backmarket formulaire connexion valide",
              "timedOut": null,
              "duration": 4485,
              "state": "failed",
              "speed": null,
              "pass": false,
              "fail": true,
              "pending": false,
              "context": null,
              "code": "cy.get('#signin-email').click({\n  force: true\n}).type(email);\ncy.get('#signin-password').click({\n  force: true\n}).type(password);\ncy.contains('Welcome Back').click({\n  force: true\n});\ncy.url().should('eq', 'https://preprod.backmarket.fr/dashboard/orders');\ncy.contains('Chef, oui Chef !!').should('be.visible');",
              "err": {
                "message": "AssertionError: Timed out retrying after 4000ms: Expected to find element: `#signin-email`, but never found it.",
                "estack": "AssertionError: Timed out retrying after 4000ms: Expected to find element: `#signin-email`, but never found it.\n    at Context.eval (http://localhost:50632/__cypress/tests?p=cypress\\integration\\test_backMarket2.spec.js:112:8)",
                "diff": null
              },
              "uuid": "da58a9ee-3af3-44c5-8617-3e563c1ea8b5",
              "parentUUID": "48eaa61f-4320-4a44-b4b6-0d350169451c",
              "isHook": false,
              "skipped": false
            }
          ],
          "suites": [],
          "passes": [],
          "failures": [
            "da58a9ee-3af3-44c5-8617-3e563c1ea8b5"
          ],
          "pending": [],
          "skipped": [],
          "duration": 4485,
          "root": false,
          "rootEmpty": false,
          "_timeout": 2000
        }
      ],
      "passes": [],
      "failures": [],
      "pending": [],
      "skipped": [],
      "duration": 0,
      "root": true,
      "rootEmpty": true,
      "_timeout": 2000
    }
  ],
  "meta": {
    "mocha": {
      "version": "7.0.1"
    },
    "mochawesome": {
      "options": {
        "quiet": false,
        "reportFilename": "mochawesome",
        "saveHtml": true,
        "saveJson": true,
        "consoleReporter": "spec",
        "useInlineDiffs": false,
        "code": true
      },
      "version": "7.1.3"
    },
    "marge": {
      "options": {
        "reportDir": "cypress/results",
        "overwrite": false,
        "html": true,
        "json": true
      },
      "version": "6.2.0"
    }
  }
}