{
  "stats": {
    "suites": 1,
    "tests": 4,
    "passes": 4,
    "pending": 0,
    "failures": 0,
    "start": "2022-04-12T09:03:57.119Z",
    "end": "2022-04-12T09:04:47.900Z",
    "duration": 50781,
    "testsRegistered": 4,
    "passPercent": 100,
    "pendingPercent": 0,
    "other": 0,
    "hasOther": false,
    "skipped": 0,
    "hasSkipped": false
  },
  "results": [
    {
      "uuid": "6720cdc5-7930-43d9-ab0e-297ba2db1e6d",
      "title": "",
      "fullFile": "cypress/integration/test_backMarket.spec.js",
      "file": "cypress/integration/test_backMarket.spec.js",
      "beforeHooks": [],
      "afterHooks": [],
      "tests": [],
      "suites": [
        {
          "uuid": "bd198c16-0435-424a-b654-01a1733c8056",
          "title": "Tests backmarket",
          "fullFile": "",
          "file": "",
          "beforeHooks": [],
          "afterHooks": [],
          "tests": [
            {
              "title": "formulaire valide",
              "fullTitle": "Tests backmarket formulaire valide",
              "timedOut": null,
              "duration": 17098,
              "state": "passed",
              "speed": "slow",
              "pass": true,
              "fail": false,
              "pending": false,
              "context": null,
              "code": "cy.get('#firstName').click({\n  force: true\n}).type(firstName);\ncy.get('#lastName').click({\n  force: true\n}).type(lastName);\ncy.get('#signup-email').click({\n  force: true\n}).type(email);\ncy.get('#signup-password').click({\n  force: true\n}).type(password);\ncy.contains('Enchantés').click({\n  force: true\n});\ncy.url().should('eq', 'https://preprod.backmarket.fr/dashboard/orders');\ncy.contains('Chef, oui Chef !!').should('be.visible');",
              "err": {},
              "uuid": "d0edd614-e3a9-4069-ae2f-56a080523b0a",
              "parentUUID": "bd198c16-0435-424a-b654-01a1733c8056",
              "isHook": false,
              "skipped": false
            },
            {
              "title": "formulaire invalide",
              "fullTitle": "Tests backmarket formulaire invalide",
              "timedOut": null,
              "duration": 7849,
              "state": "passed",
              "speed": "medium",
              "pass": true,
              "fail": false,
              "pending": false,
              "context": null,
              "code": "cy.get('#firstName').click({\n  force: true\n}).type(firstName);\ncy.get('#lastName').click({\n  force: true\n}).type(lastName);\ncy.get('#signup-email').click({\n  force: true\n}).type(email);\ncy.get('#signup-password').click({\n  force: true\n});\ncy.contains('Enchantés').click({\n  force: true\n});\ncy.contains('Le champ mot de passe est obligatoire').should('be.visible');",
              "err": {},
              "uuid": "71df2261-5b72-4019-b180-16523020f6e6",
              "parentUUID": "bd198c16-0435-424a-b654-01a1733c8056",
              "isHook": false,
              "skipped": false
            },
            {
              "title": "formulaire connexion valide",
              "fullTitle": "Tests backmarket formulaire connexion valide",
              "timedOut": null,
              "duration": 8896,
              "state": "passed",
              "speed": "medium",
              "pass": true,
              "fail": false,
              "pending": false,
              "context": null,
              "code": "cy.get('#signin-email').click({\n  force: true\n}).type(email);\ncy.get('#signin-password').click({\n  force: true\n}).type(password);\ncy.contains('Welcome Back').click({\n  force: true\n});\ncy.url().should('eq', 'https://preprod.backmarket.fr/dashboard/orders');\ncy.contains('Chef, oui Chef !!').should('be.visible');",
              "err": {},
              "uuid": "881e9b96-9b81-49b5-b8e5-f9e677358866",
              "parentUUID": "bd198c16-0435-424a-b654-01a1733c8056",
              "isHook": false,
              "skipped": false
            },
            {
              "title": "formulaire connexion invalide",
              "fullTitle": "Tests backmarket formulaire connexion invalide",
              "timedOut": null,
              "duration": 6587,
              "state": "passed",
              "speed": "medium",
              "pass": true,
              "fail": false,
              "pending": false,
              "context": null,
              "code": "cy.get('#signin-email').click({\n  force: true\n}).type(email);\ncy.get('#signin-password').click({\n  force: true\n});\ncy.contains('Welcome Back').click({\n  force: true\n});\ncy.contains('Le champ mot de passe est obligatoire').should('be.visible');",
              "err": {},
              "uuid": "34850d4a-12ed-4612-a690-1d119d04a6a9",
              "parentUUID": "bd198c16-0435-424a-b654-01a1733c8056",
              "isHook": false,
              "skipped": false
            }
          ],
          "suites": [],
          "passes": [
            "d0edd614-e3a9-4069-ae2f-56a080523b0a",
            "71df2261-5b72-4019-b180-16523020f6e6",
            "881e9b96-9b81-49b5-b8e5-f9e677358866",
            "34850d4a-12ed-4612-a690-1d119d04a6a9"
          ],
          "failures": [],
          "pending": [],
          "skipped": [],
          "duration": 40430,
          "root": false,
          "rootEmpty": false,
          "_timeout": 2000
        }
      ],
      "passes": [],
      "failures": [],
      "pending": [],
      "skipped": [],
      "duration": 0,
      "root": true,
      "rootEmpty": true,
      "_timeout": 2000
    }
  ],
  "meta": {
    "mocha": {
      "version": "7.0.1"
    },
    "mochawesome": {
      "options": {
        "quiet": false,
        "reportFilename": "mochawesome",
        "saveHtml": true,
        "saveJson": true,
        "consoleReporter": "spec",
        "useInlineDiffs": false,
        "code": true
      },
      "version": "7.1.3"
    },
    "marge": {
      "options": {
        "reportDir": "cypress/results",
        "overwrite": false,
        "html": true,
        "json": true
      },
      "version": "6.2.0"
    }
  }
}