{
  "stats": {
    "suites": 1,
    "tests": 4,
    "passes": 4,
    "pending": 0,
    "failures": 0,
    "start": "2022-04-11T13:20:48.816Z",
    "end": "2022-04-11T13:21:44.701Z",
    "duration": 55885,
    "testsRegistered": 4,
    "passPercent": 100,
    "pendingPercent": 0,
    "other": 0,
    "hasOther": false,
    "skipped": 0,
    "hasSkipped": false
  },
  "results": [
    {
      "uuid": "c9d7eac6-aebd-486f-a2b9-61e1dd23d2bf",
      "title": "",
      "fullFile": "cypress/integration/test_backMarket.spec.js",
      "file": "cypress/integration/test_backMarket.spec.js",
      "beforeHooks": [],
      "afterHooks": [],
      "tests": [],
      "suites": [
        {
          "uuid": "60f504c7-cbe7-4658-95ff-cb56efdb047d",
          "title": "Tests backmarket",
          "fullFile": "",
          "file": "",
          "beforeHooks": [],
          "afterHooks": [],
          "tests": [
            {
              "title": "formulaire valide",
              "fullTitle": "Tests backmarket formulaire valide",
              "timedOut": null,
              "duration": 19978,
              "state": "passed",
              "speed": "slow",
              "pass": true,
              "fail": false,
              "pending": false,
              "context": null,
              "code": "cy.get('#firstName').click({\n  force: true\n}).type(firstName);\ncy.get('#lastName').click({\n  force: true\n}).type(lastName);\ncy.get('#signup-email').click({\n  force: true\n}).type(email);\ncy.get('#signup-password').click({\n  force: true\n}).type(password);\ncy.contains('Enchantés').click({\n  force: true\n});\ncy.url().should('eq', 'https://preprod.backmarket.fr/dashboard/orders');\ncy.contains('Chef, oui Chef !!').should('be.visible');",
              "err": {},
              "uuid": "2d826112-989d-4809-a961-dfc76a4b1f7b",
              "parentUUID": "60f504c7-cbe7-4658-95ff-cb56efdb047d",
              "isHook": false,
              "skipped": false
            },
            {
              "title": "formulaire invalide",
              "fullTitle": "Tests backmarket formulaire invalide",
              "timedOut": null,
              "duration": 8621,
              "state": "passed",
              "speed": "medium",
              "pass": true,
              "fail": false,
              "pending": false,
              "context": null,
              "code": "cy.get('#firstName').click({\n  force: true\n}).type(firstName);\ncy.get('#lastName').click({\n  force: true\n}).type(lastName);\ncy.get('#signup-email').click({\n  force: true\n}).type(email);\ncy.get('#signup-password').click({\n  force: true\n});\ncy.contains('Enchantés').click({\n  force: true\n});\ncy.contains('Le champ mot de passe est obligatoire').should('be.visible');",
              "err": {},
              "uuid": "bebf0c29-dfa9-467f-a77c-f167bd78fb8c",
              "parentUUID": "60f504c7-cbe7-4658-95ff-cb56efdb047d",
              "isHook": false,
              "skipped": false
            },
            {
              "title": "formulaire connexion valide",
              "fullTitle": "Tests backmarket formulaire connexion valide",
              "timedOut": null,
              "duration": 11190,
              "state": "passed",
              "speed": "slow",
              "pass": true,
              "fail": false,
              "pending": false,
              "context": null,
              "code": "cy.get('#signin-email').click({\n  force: true\n}).type(email);\ncy.get('#signin-password').click({\n  force: true\n}).type(password);\ncy.contains('Welcome Back').click({\n  force: true\n});\ncy.url().should('eq', 'https://preprod.backmarket.fr/dashboard/orders');\ncy.contains('Chef, oui Chef !!').should('be.visible');",
              "err": {},
              "uuid": "5ccf5d41-5e27-4a0d-9e22-20ec21f3782c",
              "parentUUID": "60f504c7-cbe7-4658-95ff-cb56efdb047d",
              "isHook": false,
              "skipped": false
            },
            {
              "title": "formulaire connexion invalide",
              "fullTitle": "Tests backmarket formulaire connexion invalide",
              "timedOut": null,
              "duration": 5552,
              "state": "passed",
              "speed": "medium",
              "pass": true,
              "fail": false,
              "pending": false,
              "context": null,
              "code": "cy.get('#signin-email').click({\n  force: true\n}).type(email);\ncy.get('#signin-password').click({\n  force: true\n});\ncy.contains('Welcome Back').click({\n  force: true\n});\ncy.contains('Le champ mot de passe est obligatoire').should('be.visible');",
              "err": {},
              "uuid": "79616944-974a-4433-9d9b-9d1d9533e127",
              "parentUUID": "60f504c7-cbe7-4658-95ff-cb56efdb047d",
              "isHook": false,
              "skipped": false
            }
          ],
          "suites": [],
          "passes": [
            "2d826112-989d-4809-a961-dfc76a4b1f7b",
            "bebf0c29-dfa9-467f-a77c-f167bd78fb8c",
            "5ccf5d41-5e27-4a0d-9e22-20ec21f3782c",
            "79616944-974a-4433-9d9b-9d1d9533e127"
          ],
          "failures": [],
          "pending": [],
          "skipped": [],
          "duration": 45341,
          "root": false,
          "rootEmpty": false,
          "_timeout": 2000
        }
      ],
      "passes": [],
      "failures": [],
      "pending": [],
      "skipped": [],
      "duration": 0,
      "root": true,
      "rootEmpty": true,
      "_timeout": 2000
    }
  ],
  "meta": {
    "mocha": {
      "version": "7.0.1"
    },
    "mochawesome": {
      "options": {
        "quiet": false,
        "reportFilename": "mochawesome",
        "saveHtml": true,
        "saveJson": true,
        "consoleReporter": "spec",
        "useInlineDiffs": false,
        "code": true
      },
      "version": "7.1.3"
    },
    "marge": {
      "options": {
        "reportDir": "cypress/results",
        "overwrite": false,
        "html": true,
        "json": true
      },
      "version": "6.2.0"
    }
  }
}