{
  "stats": {
    "suites": 1,
    "tests": 1,
    "passes": 0,
    "pending": 0,
    "failures": 1,
    "start": "2022-04-12T09:06:18.318Z",
    "end": "2022-04-12T09:06:22.865Z",
    "duration": 4547,
    "testsRegistered": 1,
    "passPercent": 0,
    "pendingPercent": 0,
    "other": 0,
    "hasOther": false,
    "skipped": 0,
    "hasSkipped": false
  },
  "results": [
    {
      "uuid": "a7f9cce1-095a-4a7e-8b33-713d3de4914e",
      "title": "",
      "fullFile": "cypress/integration/test_backMarket3.spec.js",
      "file": "cypress/integration/test_backMarket3.spec.js",
      "beforeHooks": [],
      "afterHooks": [],
      "tests": [],
      "suites": [
        {
          "uuid": "55358e4d-c70e-456e-be7d-556499f4d5bc",
          "title": "Tests backmarket",
          "fullFile": "",
          "file": "",
          "beforeHooks": [],
          "afterHooks": [],
          "tests": [
            {
              "title": "formulaire connexion invalide",
              "fullTitle": "Tests backmarket formulaire connexion invalide",
              "timedOut": null,
              "duration": 4409,
              "state": "failed",
              "speed": null,
              "pass": false,
              "fail": true,
              "pending": false,
              "context": null,
              "code": "cy.get('#signin-email').click({\n  force: true\n}).type(email);\ncy.get('#signin-password').click({\n  force: true\n});\ncy.contains('Welcome Back').click({\n  force: true\n});\ncy.contains('Le champ mot de passe est obligatoire').should('be.visible');",
              "err": {
                "message": "AssertionError: Timed out retrying after 4000ms: Expected to find element: `#signin-email`, but never found it.",
                "estack": "AssertionError: Timed out retrying after 4000ms: Expected to find element: `#signin-email`, but never found it.\n    at Context.eval (http://localhost:50632/__cypress/tests?p=cypress\\integration\\test_backMarket3.spec.js:112:8)",
                "diff": null
              },
              "uuid": "2a9bd97d-7a1f-4054-87a1-d9ebc979b60d",
              "parentUUID": "55358e4d-c70e-456e-be7d-556499f4d5bc",
              "isHook": false,
              "skipped": false
            }
          ],
          "suites": [],
          "passes": [],
          "failures": [
            "2a9bd97d-7a1f-4054-87a1-d9ebc979b60d"
          ],
          "pending": [],
          "skipped": [],
          "duration": 4409,
          "root": false,
          "rootEmpty": false,
          "_timeout": 2000
        }
      ],
      "passes": [],
      "failures": [],
      "pending": [],
      "skipped": [],
      "duration": 0,
      "root": true,
      "rootEmpty": true,
      "_timeout": 2000
    }
  ],
  "meta": {
    "mocha": {
      "version": "7.0.1"
    },
    "mochawesome": {
      "options": {
        "quiet": false,
        "reportFilename": "mochawesome",
        "saveHtml": true,
        "saveJson": true,
        "consoleReporter": "spec",
        "useInlineDiffs": false,
        "code": true
      },
      "version": "7.1.3"
    },
    "marge": {
      "options": {
        "reportDir": "cypress/results",
        "overwrite": false,
        "html": true,
        "json": true
      },
      "version": "6.2.0"
    }
  }
}