{
  "stats": {
    "suites": 1,
    "tests": 1,
    "passes": 1,
    "pending": 0,
    "failures": 0,
    "start": "2022-04-12T09:05:17.318Z",
    "end": "2022-04-12T09:05:38.651Z",
    "duration": 21333,
    "testsRegistered": 1,
    "passPercent": 100,
    "pendingPercent": 0,
    "other": 0,
    "hasOther": false,
    "skipped": 0,
    "hasSkipped": false
  },
  "results": [
    {
      "uuid": "12d7bfe7-ceaa-4ffe-b53b-18bad0f09dfb",
      "title": "",
      "fullFile": "cypress/integration/test_backMarket1.spec.js",
      "file": "cypress/integration/test_backMarket1.spec.js",
      "beforeHooks": [],
      "afterHooks": [],
      "tests": [],
      "suites": [
        {
          "uuid": "70250bed-bb64-4155-a558-230190bc54dc",
          "title": "Tests backmarket",
          "fullFile": "",
          "file": "",
          "beforeHooks": [],
          "afterHooks": [],
          "tests": [
            {
              "title": "formulaire invalide",
              "fullTitle": "Tests backmarket formulaire invalide",
              "timedOut": null,
              "duration": 12600,
              "state": "passed",
              "speed": "slow",
              "pass": true,
              "fail": false,
              "pending": false,
              "context": null,
              "code": "cy.visit(\"https://preprod.backmarket.fr/register\");\ncy.get('[data-qa=\"accept-cta\"]').click({\n  force: true\n});\ncy.get('#firstName').click({\n  force: true\n}).type(firstName);\ncy.get('#lastName').click({\n  force: true\n}).type(lastName);\ncy.get('#signup-email').click({\n  force: true\n}).type(email);\ncy.get('#signup-password').click({\n  force: true\n});\ncy.contains('Enchantés').click({\n  force: true\n});\ncy.contains('Le champ mot de passe est obligatoire').should('be.visible');",
              "err": {},
              "uuid": "b169d75a-a0fc-4e0b-9e37-80dc23c3cc80",
              "parentUUID": "70250bed-bb64-4155-a558-230190bc54dc",
              "isHook": false,
              "skipped": false
            }
          ],
          "suites": [],
          "passes": [
            "b169d75a-a0fc-4e0b-9e37-80dc23c3cc80"
          ],
          "failures": [],
          "pending": [],
          "skipped": [],
          "duration": 12600,
          "root": false,
          "rootEmpty": false,
          "_timeout": 2000
        }
      ],
      "passes": [],
      "failures": [],
      "pending": [],
      "skipped": [],
      "duration": 0,
      "root": true,
      "rootEmpty": true,
      "_timeout": 2000
    }
  ],
  "meta": {
    "mocha": {
      "version": "7.0.1"
    },
    "mochawesome": {
      "options": {
        "quiet": false,
        "reportFilename": "mochawesome",
        "saveHtml": true,
        "saveJson": true,
        "consoleReporter": "spec",
        "useInlineDiffs": false,
        "code": true
      },
      "version": "7.1.3"
    },
    "marge": {
      "options": {
        "reportDir": "cypress/results",
        "overwrite": false,
        "html": true,
        "json": true
      },
      "version": "6.2.0"
    }
  }
}